[debug] [2021-07-02T03:54:58.911Z] ----------------------------------------------------------------------
[debug] [2021-07-02T03:54:58.913Z] Command:       C:\Program Files\nodejs\node.exe C:\Users\Vinícius\AppData\Roaming\npm\node_modules\firebase-tools\lib\bin\firebase.js init
[debug] [2021-07-02T03:54:58.914Z] CLI Version:   9.14.0
[debug] [2021-07-02T03:54:58.914Z] Platform:      win32
[debug] [2021-07-02T03:54:58.914Z] Node Version:  v14.17.1
[debug] [2021-07-02T03:54:58.915Z] Time:          Fri Jul 02 2021 00:54:58 GMT-0300 (Horário Padrão de Brasília)
[debug] [2021-07-02T03:54:58.915Z] ----------------------------------------------------------------------
[debug] 
[debug] [2021-07-02T03:54:58.921Z] > command requires scopes: ["email","openid","https://www.googleapis.com/auth/cloudplatformprojects.readonly","https://www.googleapis.com/auth/firebase","https://www.googleapis.com/auth/cloud-platform"]
[debug] [2021-07-02T03:54:58.921Z] > authorizing via signed-in user (viniciusgabriel.com@gmail.com)
[info] 
     ######## #### ########  ######## ########     ###     ######  ########
     ##        ##  ##     ## ##       ##     ##  ##   ##  ##       ##
     ######    ##  ########  ######   ########  #########  ######  ######
     ##        ##  ##    ##  ##       ##     ## ##     ##       ## ##
     ##       #### ##     ## ######## ########  ##     ##  ######  ########

You're about to initialize a Firebase project in this directory:

  C:\Users\Vinícius\desktop\reactjs-nlw-together

[info] 
=== Project Setup
[info] 
[info] First, let's associate this project directory with a Firebase project.
[info] You can create multiple project aliases by running firebase use --add, 
[info] but for now we'll just set up a default project.
[info] 
[debug] [2021-07-02T03:56:22.512Z] >>> [apiv2][query] GET https://firebase.googleapis.com/v1beta1/projects pageSize=100
[debug] [2021-07-02T03:56:23.620Z] <<< [apiv2][status] GET https://firebase.googleapis.com/v1beta1/projects 200
[debug] [2021-07-02T03:56:23.621Z] <<< [apiv2][body] GET https://firebase.googleapis.com/v1beta1/projects [omitted]
[info] i  Using project reactjs-nlw-together (ReactJS-NLW-Together) 
[info] 
=== Database Setup
[info] i  database: ensuring required API firebasedatabase.googleapis.com is enabled... 
[debug] [2021-07-02T03:56:26.990Z] > refreshing access token with scopes: ["email","https://www.googleapis.com/auth/cloud-platform","https://www.googleapis.com/auth/cloudplatformprojects.readonly","https://www.googleapis.com/auth/firebase","openid"]
[debug] [2021-07-02T03:56:26.991Z] >>> HTTP REQUEST POST https://www.googleapis.com/oauth2/v3/token  
 <request body omitted>
[debug] [2021-07-02T03:56:27.176Z] <<< HTTP RESPONSE 200 {"date":"Fri, 02 Jul 2021 03:56:44 GMT","cache-control":"no-cache, no-store, max-age=0, must-revalidate","pragma":"no-cache","expires":"Mon, 01 Jan 1990 00:00:00 GMT","content-type":"application/json; charset=utf-8","vary":"X-Origin, Referer, Origin,Accept-Encoding","server":"scaffolding on HTTPServer2","x-xss-protection":"0","x-frame-options":"SAMEORIGIN","x-content-type-options":"nosniff","alt-svc":"h3=\":443\"; ma=2592000,h3-29=\":443\"; ma=2592000,h3-T051=\":443\"; ma=2592000,h3-Q050=\":443\"; ma=2592000,h3-Q046=\":443\"; ma=2592000,h3-Q043=\":443\"; ma=2592000,quic=\":443\"; ma=2592000; v=\"46,43\"","accept-ranges":"none","transfer-encoding":"chunked"}
[debug] [2021-07-02T03:56:27.245Z] >>> HTTP REQUEST GET https://serviceusage.googleapis.com/v1/projects/reactjs-nlw-together/services/firebasedatabase.googleapis.com  
 
[debug] [2021-07-02T03:56:28.264Z] <<< HTTP RESPONSE 200 {"content-type":"application/json; charset=UTF-8","vary":"X-Origin, Referer, Origin,Accept-Encoding","date":"Fri, 02 Jul 2021 03:56:45 GMT","server":"ESF","cache-control":"private","x-xss-protection":"0","x-frame-options":"SAMEORIGIN","x-content-type-options":"nosniff","alt-svc":"h3=\":443\"; ma=2592000,h3-29=\":443\"; ma=2592000,h3-T051=\":443\"; ma=2592000,h3-Q050=\":443\"; ma=2592000,h3-Q046=\":443\"; ma=2592000,h3-Q043=\":443\"; ma=2592000,quic=\":443\"; ma=2592000; v=\"46,43\"","accept-ranges":"none","transfer-encoding":"chunked"}
[info] +  database: required API firebasedatabase.googleapis.com is enabled 
[info] 
[debug] [2021-07-02T03:56:28.270Z] >>> HTTP REQUEST GET https://firebasedatabase.googleapis.com/v1beta/projects/reactjs-nlw-together/locations/-/instances/reactjs-nlw-together-default-rtdb  
 
[debug] [2021-07-02T03:56:29.532Z] <<< HTTP RESPONSE 200 {"content-type":"application/json; charset=UTF-8","vary":"X-Origin, Referer, Origin,Accept-Encoding","date":"Fri, 02 Jul 2021 03:56:46 GMT","server":"ESF","cache-control":"private","x-xss-protection":"0","x-frame-options":"SAMEORIGIN","x-content-type-options":"nosniff","alt-svc":"h3=\":443\"; ma=2592000,h3-29=\":443\"; ma=2592000,h3-T051=\":443\"; ma=2592000,h3-Q050=\":443\"; ma=2592000,h3-Q046=\":443\"; ma=2592000,h3-Q043=\":443\"; ma=2592000,quic=\":443\"; ma=2592000; v=\"46,43\"","accept-ranges":"none","transfer-encoding":"chunked"}
[info] 
[info] Firebase Realtime Database Security Rules allow you to define how your data should be
[info] structured and when your data can be read from and written to.
[info] 
[debug] [2021-07-02T03:56:51.984Z] >>> HTTP REQUEST GET https://reactjs-nlw-together-default-rtdb.firebaseio.com/.settings/rules.json  
 
[debug] [2021-07-02T03:56:52.857Z] <<< HTTP RESPONSE 200 {"server":"nginx","date":"Fri, 02 Jul 2021 03:57:09 GMT","content-type":"application/json; charset=utf-8","content-length":"567","connection":"keep-alive","access-control-allow-origin":"*","cache-control":"no-cache","strict-transport-security":"max-age=31556926; includeSubDomains; preload"}
[info] +  Database Rules for reactjs-nlw-together-default-rtdb have been written to database.rules.json. 
[info] Future modifications to database.rules.json will update Realtime Database Security Rules when you run
[info] firebase deploy.
[info] 
=== Hosting Setup
[info] 
[info] Your public directory is the folder (relative to your project directory) that
[info] will contain Hosting assets to be uploaded with firebase deploy. If you
[info] have a build process for your assets, use your build's output directory.
[info] 
[debug] [2021-07-02T03:58:03.880Z] >>> [apiv2][query] GET https://www.gstatic.com/firebasejs/releases.json [none]
[debug] [2021-07-02T03:58:04.026Z] <<< [apiv2][status] GET https://www.gstatic.com/firebasejs/releases.json 200
[debug] [2021-07-02T03:58:04.027Z] <<< [apiv2][body] GET https://www.gstatic.com/firebasejs/releases.json {"current":{"version":"8.7.0","browserURL":"https://www.gstatic.com/firebasejs/8.7.0/firebase.js","packageURL":"https://www.gstatic.com/firebasejs/8.7.0/firebase.tgz"},"live":{"version":"8.7","browserURL":"https://www.gstatic.com/firebasejs/live/8.7/firebase.js","packageURL":"https://www.gstatic.com/firebasejs/live/8.7/firebase.tgz"},"components":{"analytics":"https://www.gstatic.com/firebasejs/8.7.0/firebase-analytics.js","app":"https://www.gstatic.com/firebasejs/8.7.0/firebase-app.js","app-check":"https://www.gstatic.com/firebasejs/8.7.0/firebase-app-check.js","auth":"https://www.gstatic.com/firebasejs/8.7.0/firebase-auth.js","database":"https://www.gstatic.com/firebasejs/8.7.0/firebase-database.js","firestore":"https://www.gstatic.com/firebasejs/8.7.0/firebase-firestore.js","functions":"https://www.gstatic.com/firebasejs/8.7.0/firebase-functions.js","installations":"https://www.gstatic.com/firebasejs/8.7.0/firebase-installations.js","messaging":"https://www.gstatic.com/firebasejs/8.7.0/firebase-messaging.js","storage":"https://www.gstatic.com/firebasejs/8.7.0/firebase-storage.js","performance":"https://www.gstatic.com/firebasejs/8.7.0/firebase-performance.js","remote-config":"https://www.gstatic.com/firebasejs/8.7.0/firebase-remote-config.js","firestore.memory":"https://www.gstatic.com/firebasejs/8.7.0/firebase-firestore.memory.js"}}
[info] +  Wrote build/index.html 
[info] 
[info] i  Detected a .git folder at C:\Users\Vinícius\desktop\reactjs-nlw-together 
[info] i  Authorizing with GitHub to upload your service account to a GitHub repository's secrets store. 
[info] 
[info] Visit this URL on this device to log in:
[info] https://github.com/login/oauth/authorize?client_id=89cf50f02ac6aaed3484&state=762624693&redirect_uri=http%3A%2F%2Flocalhost%3A9005&scope=read%3Auser%20repo%20public_repo
[info] 
[info] Waiting for authentication...
[debug] [2021-07-02T03:58:24.139Z] >>> HTTP REQUEST POST https://github.com/login/oauth/access_token  
 {"client_id":"89cf50f02ac6aaed3484","client_secret":"3330d14abc895d9a74d5f17cd7a00711fa2c5bf0","code":"81b65c626509b7ec4428","redirect_uri":"http://localhost:9005","state":"762624693"}
[debug] [2021-07-02T03:58:24.644Z] <<< HTTP RESPONSE 200 {"server":"GitHub.com","date":"Fri, 02 Jul 2021 03:58:41 GMT","content-type":"application/json; charset=utf-8","transfer-encoding":"chunked","vary":"X-PJAX, Accept-Encoding, Accept, X-Requested-With","permissions-policy":"interest-cohort=()","etag":"W/\"447074949e97d6e748b207b7d29e8d4a\"","cache-control":"max-age=0, private, must-revalidate","strict-transport-security":"max-age=31536000; includeSubdomains; preload","x-frame-options":"deny","x-content-type-options":"nosniff","x-xss-protection":"0","referrer-policy":"origin-when-cross-origin, strict-origin-when-cross-origin","expect-ct":"max-age=2592000, report-uri=\"https://api.github.com/_private/browser/errors\"","content-security-policy":"default-src 'none'; base-uri 'self'; block-all-mixed-content; connect-src 'self' uploads.github.com www.githubstatus.com collector.githubapp.com api.github.com github-cloud.s3.amazonaws.com github-production-repository-file-5c1aeb.s3.amazonaws.com github-production-upload-manifest-file-7fdce7.s3.amazonaws.com github-production-user-asset-6210df.s3.amazonaws.com cdn.optimizely.com logx.optimizely.com/v1/events translator.github.com wss://alive.github.com; font-src github.githubassets.com; form-action 'self' github.com gist.github.com; frame-ancestors 'none'; frame-src render.githubusercontent.com render-temp.githubusercontent.com viewscreen.githubusercontent.com; img-src 'self' data: github.githubassets.com identicons.github.com collector.githubapp.com github-cloud.s3.amazonaws.com secured-user-images.githubusercontent.com/ *.githubusercontent.com; manifest-src 'self'; media-src 'none'; script-src github.githubassets.com; style-src 'unsafe-inline' github.githubassets.com; worker-src github.com/socket-worker-3f088aa2.js gist.github.com/socket-worker-3f088aa2.js","x-github-request-id":"FADF:5BE6:4AB55:20824E:60DE8EF1"}
[debug] [2021-07-02T03:58:24.650Z] >>> [apiv2][query] GET https://api.github.com/user [none]
[debug] [2021-07-02T03:58:25.185Z] <<< [apiv2][status] GET https://api.github.com/user 200
[debug] [2021-07-02T03:58:25.185Z] <<< [apiv2][body] GET https://api.github.com/user {"login":"viniciusleitempergher","id":83609834,"node_id":"MDQ6VXNlcjgzNjA5ODM0","avatar_url":"https://avatars.githubusercontent.com/u/83609834?v=4","gravatar_id":"","url":"https://api.github.com/users/viniciusleitempergher","html_url":"https://github.com/viniciusleitempergher","followers_url":"https://api.github.com/users/viniciusleitempergher/followers","following_url":"https://api.github.com/users/viniciusleitempergher/following{/other_user}","gists_url":"https://api.github.com/users/viniciusleitempergher/gists{/gist_id}","starred_url":"https://api.github.com/users/viniciusleitempergher/starred{/owner}{/repo}","subscriptions_url":"https://api.github.com/users/viniciusleitempergher/subscriptions","organizations_url":"https://api.github.com/users/viniciusleitempergher/orgs","repos_url":"https://api.github.com/users/viniciusleitempergher/repos","events_url":"https://api.github.com/users/viniciusleitempergher/events{/privacy}","received_events_url":"https://api.github.com/users/viniciusleitempergher/received_events","type":"User","site_admin":false,"name":"Vinícius Gabriel Leitempergher","company":null,"blog":"","location":null,"email":null,"hireable":null,"bio":"Um simples aluno atualmente estudando ReactJS.","twitter_username":null,"public_repos":2,"public_gists":0,"followers":0,"following":0,"created_at":"2021-05-03T19:08:06Z","updated_at":"2021-07-02T03:58:41Z","private_gists":0,"total_private_repos":1,"owned_private_repos":1,"disk_usage":25106,"collaborators":3,"two_factor_authentication":true,"plan":{"name":"free","space":976562499,"collaborators":0,"private_repos":10000}}
[info] 
[info] +  Success! Logged into GitHub as viniciusleitempergher 
[info] 
[debug] [2021-07-02T03:58:59.663Z] >>> [apiv2][query] GET https://api.github.com/repos/https://github.com/viniciusleitempergher/ReactJS-NLW-Together.git/actions/secrets/public-key type=owner
[debug] [2021-07-02T03:59:00.158Z] <<< [apiv2][status] GET https://api.github.com/repos/https://github.com/viniciusleitempergher/ReactJS-NLW-Together.git/actions/secrets/public-key 404
[debug] [2021-07-02T03:59:00.159Z] <<< [apiv2][body] GET https://api.github.com/repos/https://github.com/viniciusleitempergher/ReactJS-NLW-Together.git/actions/secrets/public-key {"message":"Not Found","documentation_url":"https://docs.github.com/rest"}
[debug] [2021-07-02T03:59:32.514Z] >>> [apiv2][query] GET https://api.github.com/repos/viniciusleitempergher/https://github.com/viniciusleitempergher/ReactJS-NLW-Together.git/actions/secrets/public-key type=owner
[debug] [2021-07-02T03:59:33.006Z] <<< [apiv2][status] GET https://api.github.com/repos/viniciusleitempergher/https://github.com/viniciusleitempergher/ReactJS-NLW-Together.git/actions/secrets/public-key 404
[debug] [2021-07-02T03:59:33.007Z] <<< [apiv2][body] GET https://api.github.com/repos/viniciusleitempergher/https://github.com/viniciusleitempergher/ReactJS-NLW-Together.git/actions/secrets/public-key {"message":"Not Found","documentation_url":"https://docs.github.com/rest"}
[debug] [2021-07-02T03:59:45.134Z] >>> [apiv2][query] GET https://api.github.com/repos/viniciusleitempergher/"https://github.com/viniciusleitempergher/ReactJS-NLW-Together.git"/actions/secrets/public-key type=owner
[debug] [2021-07-02T03:59:45.634Z] <<< [apiv2][status] GET https://api.github.com/repos/viniciusleitempergher/"https://github.com/viniciusleitempergher/ReactJS-NLW-Together.git"/actions/secrets/public-key 404
[debug] [2021-07-02T03:59:45.635Z] <<< [apiv2][body] GET https://api.github.com/repos/viniciusleitempergher/"https://github.com/viniciusleitempergher/ReactJS-NLW-Together.git"/actions/secrets/public-key {"message":"Not Found","documentation_url":"https://docs.github.com/rest"}
[debug] [2021-07-02T04:01:08.119Z] >>> [apiv2][query] GET https://api.github.com/repos/https://github.com/viniciusleitempergher/ReactJS-NLW-Together/actions/secrets/public-key type=owner
[debug] [2021-07-02T04:01:08.603Z] <<< [apiv2][status] GET https://api.github.com/repos/https://github.com/viniciusleitempergher/ReactJS-NLW-Together/actions/secrets/public-key 404
[debug] [2021-07-02T04:01:08.604Z] <<< [apiv2][body] GET https://api.github.com/repos/https://github.com/viniciusleitempergher/ReactJS-NLW-Together/actions/secrets/public-key {"message":"Not Found","documentation_url":"https://docs.github.com/rest"}
[debug] [2021-07-02T04:01:34.958Z] >>> [apiv2][query] GET https://api.github.com/repos/https://github.com/viniciusleitempergher/ReactJS-NLW-Together.git/actions/secrets/public-key type=owner
[debug] [2021-07-02T04:01:35.441Z] <<< [apiv2][status] GET https://api.github.com/repos/https://github.com/viniciusleitempergher/ReactJS-NLW-Together.git/actions/secrets/public-key 404
[debug] [2021-07-02T04:01:35.441Z] <<< [apiv2][body] GET https://api.github.com/repos/https://github.com/viniciusleitempergher/ReactJS-NLW-Together.git/actions/secrets/public-key {"message":"Not Found","documentation_url":"https://docs.github.com/rest"}
[debug] [2021-07-02T04:01:50.506Z] >>> [apiv2][query] GET https://api.github.com/repos/git@github.com:viniciusleitempergher/ReactJS-NLW-Together.git/actions/secrets/public-key type=owner
[debug] [2021-07-02T04:01:50.996Z] <<< [apiv2][status] GET https://api.github.com/repos/git@github.com:viniciusleitempergher/ReactJS-NLW-Together.git/actions/secrets/public-key 404
[debug] [2021-07-02T04:01:50.996Z] <<< [apiv2][body] GET https://api.github.com/repos/git@github.com:viniciusleitempergher/ReactJS-NLW-Together.git/actions/secrets/public-key {"message":"Not Found","documentation_url":"https://docs.github.com/rest/reference/actions#get-a-repository-public-key"}
[debug] [2021-07-02T04:02:01.759Z] >>> [apiv2][query] GET https://api.github.com/repos/https://github.com/viniciusleitempergher/ReactJS-NLW-Together.git/actions/secrets/public-key type=owner
[debug] [2021-07-02T04:02:02.259Z] <<< [apiv2][status] GET https://api.github.com/repos/https://github.com/viniciusleitempergher/ReactJS-NLW-Together.git/actions/secrets/public-key 404
[debug] [2021-07-02T04:02:02.260Z] <<< [apiv2][body] GET https://api.github.com/repos/https://github.com/viniciusleitempergher/ReactJS-NLW-Together.git/actions/secrets/public-key {"message":"Not Found","documentation_url":"https://docs.github.com/rest"}
[debug] [2021-07-02T04:09:05.487Z] >>> [apiv2][query] GET https://api.github.com/repos/https://github.com/viniciusleitempergher/ReactJS-NLW-Together.git/actions/secrets/public-key type=owner
[debug] [2021-07-02T04:09:05.964Z] <<< [apiv2][status] GET https://api.github.com/repos/https://github.com/viniciusleitempergher/ReactJS-NLW-Together.git/actions/secrets/public-key 404
[debug] [2021-07-02T04:09:05.965Z] <<< [apiv2][body] GET https://api.github.com/repos/https://github.com/viniciusleitempergher/ReactJS-NLW-Together.git/actions/secrets/public-key {"message":"Not Found","documentation_url":"https://docs.github.com/rest"}
